2019-10-21 15:37:59,695 - INFO - Initializing arguments
2019-10-21 15:37:59,700 - INFO - Initializing arguments
2019-10-21 15:37:59,701 - INFO - Creating CSV file
2019-10-21 15:37:59,702 - INFO - Writing to CSV file
2019-10-21 15:37:59,838 - INFO - Finished writing to CSV file: [102119-1537]list.txt
2019-10-21 15:37:59,994 - INFO - Writing to ZIP file
2019-10-21 15:37:59,996 - INFO - Finished writing to ZIP file: [102119-1537]list.txt.zip
2019-10-21 15:39:45,381 - INFO - Initializing arguments
2019-10-21 15:39:45,386 - INFO - Initializing arguments
2019-10-21 15:39:45,386 - INFO - Creating CSV file
2019-10-21 15:39:45,387 - INFO - Writing to CSV file
2019-10-21 15:39:45,519 - INFO - Finished writing to CSV file: [102119-1539]list.txt
2019-10-21 15:39:45,766 - INFO - Writing to ZIP file
2019-10-21 15:39:45,769 - INFO - Finished writing to ZIP file: [102119-1539]list.txt.zip
2019-10-21 15:45:41,529 - INFO - Initializing arguments
2019-10-21 15:45:41,534 - INFO - Initializing arguments
2019-10-21 15:45:41,535 - INFO - Creating CSV file
2019-10-21 15:45:41,536 - INFO - Writing to CSV file
2019-10-21 15:45:41,670 - INFO - Finished writing to CSV file: [102119-1545]list.txt
2019-10-21 15:45:41,806 - INFO - Writing to ZIP file
2019-10-21 15:45:41,810 - INFO - Finished writing to ZIP file: [102119-1545]list.txt.zip
2019-10-21 15:59:14,050 - INFO - Initializing arguments
2019-10-21 15:59:14,055 - INFO - Initializing arguments
2019-10-21 15:59:14,056 - INFO - Creating CSV file
2019-10-21 15:59:14,057 - INFO - Writing to CSV file
2019-10-21 15:59:14,194 - INFO - Finished writing to CSV file: [102119-1559]list.txt
2019-10-21 15:59:14,337 - INFO - Writing to ZIP file
2019-10-21 15:59:14,338 - INFO - Finished writing to ZIP file: [102119-1559]list.txt.zip
2019-10-21 16:00:13,117 - INFO - Initializing arguments
2019-10-21 16:00:13,121 - INFO - Initializing arguments
2019-10-21 16:00:13,121 - INFO - Creating CSV file
2019-10-21 16:00:13,122 - INFO - Writing to CSV file
2019-10-21 16:00:13,257 - INFO - Finished writing to CSV file: [102119-1600]list.txt
2019-10-21 16:10:48,323 - INFO - Initializing arguments
2019-10-21 16:10:48,333 - INFO - Initializing arguments
2019-10-21 16:10:48,333 - INFO - Creating CSV file
2019-10-21 16:10:48,334 - INFO - Writing to CSV file
2019-10-21 16:10:48,466 - INFO - Finished writing to CSV file: [102119-1610]list.txt
2019-10-21 16:10:48,612 - INFO - Writing to ZIP file
2019-10-21 16:10:48,616 - INFO - Finished writing to ZIP file: [102119-1610]list.txt.zip
2019-10-21 16:12:32,215 - INFO - Initializing arguments
2019-10-21 16:12:32,219 - INFO - Initializing arguments
2019-10-21 16:12:32,220 - INFO - Creating CSV file
2019-10-21 16:12:32,221 - INFO - Writing to CSV file
2019-10-21 16:12:32,363 - INFO - Finished writing to CSV file: [102119-1612]list.txt
2019-10-21 16:12:32,505 - INFO - Writing to ZIP file
2019-10-21 16:12:32,510 - INFO - Finished writing to ZIP file: [102119-1612]list.txt.zip
2019-10-21 16:15:55,194 - INFO - Initializing arguments
2019-10-21 16:15:55,198 - INFO - Initializing arguments
2019-10-21 16:15:55,198 - INFO - Creating CSV file
2019-10-21 16:15:55,199 - INFO - Writing to CSV file
2019-10-21 16:15:55,334 - INFO - Finished writing to CSV file: [102119-1615]list.txt
2019-10-21 16:15:55,478 - INFO - Writing to ZIP file
2019-10-21 16:15:55,482 - INFO - Finished writing to ZIP file: [102119-1615]list.txt.zip
2019-10-21 16:27:27,629 - INFO - Initializing arguments
2019-10-21 16:27:27,635 - INFO - Initializing arguments
2019-10-21 16:27:52,473 - INFO - Initializing arguments
2019-10-21 16:27:52,478 - INFO - Initializing arguments
2019-10-21 16:27:52,478 - INFO - Creating CSV file
2019-10-21 16:27:52,479 - INFO - Writing to CSV file
2019-10-21 16:27:52,615 - INFO - Finished writing to CSV file: [102119-1627]list.txt
2019-10-21 16:27:52,615 - INFO - Writing to ZIP file
2019-10-21 16:27:52,625 - INFO - Finished writing to ZIP file: [102119-1627]list.txt.zip
2019-10-21 16:29:36,737 - INFO - Initializing arguments
2019-10-21 16:29:36,738 - INFO - Initializing arguments
2019-10-21 16:29:40,966 - INFO - Initializing arguments
2019-10-21 16:29:40,967 - INFO - Initializing arguments
2019-10-21 16:29:40,968 - INFO - Creating CSV file
2019-10-21 16:29:41,165 - INFO - Writing to ZIP file
2019-10-21 16:29:41,173 - INFO - Finished writing to ZIP file: [102119-1629]list.txt.zip
2019-10-21 16:38:04,897 - INFO - Initializing arguments
2019-10-21 16:38:04,904 - INFO - Initializing arguments
2019-10-21 16:38:04,904 - INFO - Creating CSV file
2019-10-21 16:38:04,905 - INFO - Writing to CSV file
2019-10-21 16:39:38,015 - INFO - Initializing arguments
2019-10-21 16:39:38,021 - INFO - Initializing arguments
2019-10-21 16:39:38,022 - INFO - Creating CSV file
2019-10-21 16:39:38,023 - INFO - Writing to CSV file
2019-10-21 16:42:01,308 - INFO - Initializing arguments
2019-10-21 16:42:01,313 - INFO - Initializing arguments
2019-10-21 16:42:01,314 - INFO - Creating CSV file
2019-10-21 16:42:01,315 - INFO - Writing to CSV file
2019-10-21 16:42:01,467 - INFO - Finished writing to CSV file: [102119-1642]list.txt
2019-10-21 16:42:01,467 - INFO - Writing to ZIP file
2019-10-21 16:42:01,478 - INFO - Finished writing to ZIP file: [102119-1642]list.txt.zip
2019-10-21 16:43:56,046 - INFO - Initializing arguments
2019-10-21 16:43:56,047 - INFO - Initializing arguments
2019-10-21 16:43:56,048 - INFO - Creating CSV file
2019-10-21 16:43:56,194 - INFO - Writing to ZIP file
2019-10-21 16:43:56,263 - INFO - Finished writing to ZIP file: [102119-1643]list.txt.zip
